<?xml version="1.0" encoding="UTF-8" ?>
<testsuite tests="5" failures="0" name="tests.ChallengeRocketChatTest" time="9.563" errors="0" skipped="0">
  <properties>
[...]
</properties>
  <testcase classname="tests.ChallengeRocketChatTest" name="a_mustLoginIn" time="5.38"/>
  <testcase classname="tests.ChallengeRocketChatTest" name="b_mustCreateAccount" time="1.303"/>
  <testcase classname="tests.ChallengeRocketChatTest" name="c_mustCreateMovement" time="1.557"/>
  <testcase classname="tests.ChallengeRocketChatTest" name="d_mustRemoveMovement" time="0.769"/>
  <testcase classname="tests.ChallengeRocketChatTest" name="e_mustLogout" time="0.554"/>
</testsuite>